Watching for file changes with StatReloader
System check identified some issues:

WARNINGS:
blogs.BlogHits.created: (fields.W161) Fixed default value provided.
	HINT: It seems you set a fixed date / time / datetime value as default for this field. This may not be what you want. If you want to have the current date as default, use `django.utils.timezone.now`
events.EventDetails.event_time: (fields.W161) Fixed default value provided.
	HINT: It seems you set a fixed date / time / datetime value as default for this field. This may not be what you want. If you want to have the current date as default, use `django.utils.timezone.now`
meet.Meet.end_time: (fields.W161) Fixed default value provided.
	HINT: It seems you set a fixed date / time / datetime value as default for this field. This may not be what you want. If you want to have the current date as default, use `django.utils.timezone.now`
meet.Meet.start_time: (fields.W161) Fixed default value provided.
	HINT: It seems you set a fixed date / time / datetime value as default for this field. This may not be what you want. If you want to have the current date as default, use `django.utils.timezone.now`

System check identified 4 issues (0 silenced).
Watching for file changes with StatReloader
System check identified some issues:

WARNINGS:
blogs.BlogHits.created: (fields.W161) Fixed default value provided.
	HINT: It seems you set a fixed date / time / datetime value as default for this field. This may not be what you want. If you want to have the current date as default, use `django.utils.timezone.now`
events.EventDetails.event_time: (fields.W161) Fixed default value provided.
	HINT: It seems you set a fixed date / time / datetime value as default for this field. This may not be what you want. If you want to have the current date as default, use `django.utils.timezone.now`
meet.Meet.end_time: (fields.W161) Fixed default value provided.
	HINT: It seems you set a fixed date / time / datetime value as default for this field. This may not be what you want. If you want to have the current date as default, use `django.utils.timezone.now`
meet.Meet.start_time: (fields.W161) Fixed default value provided.
	HINT: It seems you set a fixed date / time / datetime value as default for this field. This may not be what you want. If you want to have the current date as default, use `django.utils.timezone.now`

System check identified 4 issues (0 silenced).
[28/Jan/2020 17:06:14] "GET / HTTP/1.1" 200 24552
[28/Jan/2020 17:06:14] "GET /static/materialize/js/materialize.js HTTP/1.1" 304 0
[28/Jan/2020 17:06:14] "GET /static/js/progressbar.js HTTP/1.1" 200 797
[28/Jan/2020 17:06:14] "GET /static/js/jquery_ui.js HTTP/1.1" 304 0
[28/Jan/2020 17:06:14] "GET /static/css/progressbar.css HTTP/1.1" 200 948
[28/Jan/2020 17:06:14] "GET /static/css/main.css HTTP/1.1" 200 2962
[28/Jan/2020 17:06:15] "GET /static/js/jquery.js HTTP/1.1" 304 0
[28/Jan/2020 17:06:15] "GET /static/js/main.js HTTP/1.1" 304 0
[28/Jan/2020 17:06:15] "GET /static/materialize/css/materialize.css HTTP/1.1" 200 158261
[28/Jan/2020 17:06:16] "GET /media/logo.png HTTP/1.1" 200 72407
[28/Jan/2020 17:06:16] "GET /media/sig_1/avatar/Credit.png HTTP/1.1" 200 70217
[28/Jan/2020 17:06:16] "GET /media/sig_3/avatar/concrete.png HTTP/1.1" 304 0
[28/Jan/2020 17:06:16] "GET /media/sig_4/avatar/Clutch.png HTTP/1.1" 304 0
[28/Jan/2020 17:06:16] "GET /media/sig_2/avatar/Create.png HTTP/1.1" 304 0
[28/Jan/2020 17:06:16] "GET /media/sig_6/avatar/Charge.png HTTP/1.1" 304 0
[28/Jan/2020 17:06:16] "GET /media/sig_7/avatar/Crypt.png HTTP/1.1" 304 0
[28/Jan/2020 17:06:16] "GET /media/sig_5/avatar/chronicle.png HTTP/1.1" 304 0
[28/Jan/2020 17:06:16] "GET /media/sig_8/avatar/catalyst_OchtDlI.png HTTP/1.1" 304 0
[28/Jan/2020 17:06:16] "GET /media/user_111/avatar/Dominic_Davies_-_Convener.jpeg HTTP/1.1" 304 0
[28/Jan/2020 17:06:16] "GET /media/user_145/avatar/Siddharth_Kapoor_-_Joint_Convener.jpeg HTTP/1.1" 304 0
[28/Jan/2020 17:06:16] "GET /media/user_113/avatar/DSC_1272_2.JPG HTTP/1.1" 304 0
[28/Jan/2020 17:06:16] "GET /media/user_143/avatar/Vishal_Sinha_-_Chief_Co-ordinator.jpeg HTTP/1.1" 304 0
[28/Jan/2020 17:06:16] "GET /media/user_115/avatar/Lasya_Reddy_-_Chairperson.jpeg HTTP/1.1" 304 0
[28/Jan/2020 17:06:16] "GET /media/user_122/avatar/Aditi_Bhat_-_Concrete_SIG_Head.jpeg HTTP/1.1" 304 0
[28/Jan/2020 17:06:16] "GET /media/user_129/avatar/chitnis-Crypt_Head.jpg HTTP/1.1" 304 0
[28/Jan/2020 17:06:16] "GET /media/user_2/avatar/_DSC0330.JPG HTTP/1.1" 304 0
[28/Jan/2020 17:06:16] "GET /media/user_126/avatar/Ian_Prateet_Jathanna_-_Catalyst_SIG_Head.jpeg HTTP/1.1" 304 0
[28/Jan/2020 17:06:16] "GET /media/user_108/avatar/Amal_Mohan_-_Chronicle_SIG_Head.jpeg HTTP/1.1" 200 57223
[28/Jan/2020 17:06:16] "GET /media/user_109/avatar/Ashwin_KV_-_Credit_SIG_Head.jpeg HTTP/1.1" 304 0
[28/Jan/2020 17:06:16] "GET /media/user_130/avatar/Rithika_Cherukat_-_Chronicle_SIG_Head.jpeg HTTP/1.1" 304 0
[28/Jan/2020 17:06:16] "GET /media/user_114/avatar/Keerthana_Kamath_-_Create_SIG_Head.jpeg HTTP/1.1" 304 0
[28/Jan/2020 17:06:16] "GET /media/user_123/avatar/Aneesh_DIxit_-_Create_SIG_Head.jpeg HTTP/1.1" 304 0
[28/Jan/2020 17:06:16] "GET /media/user_112/avatar/Gayatri_Indukumar_-_Project_Co-ordinator.jpeg HTTP/1.1" 304 0
[28/Jan/2020 17:06:16] "GET /media/user_121/avatar/Adithya_Iyer_-_Clutch_SIG_Head.jpeg HTTP/1.1" 304 0
[28/Jan/2020 17:06:16] "GET /media/user_127/avatar/Kevin_Tom_Kurian_-_Clutch_SIG_Head.jpeg HTTP/1.1" 304 0
[28/Jan/2020 17:06:16] "GET /media/user_139/avatar/Sarang_Kalantre_-_Credit_SIG_Head.jpeg HTTP/1.1" 304 0
[28/Jan/2020 17:06:16] "GET /media/user_135/avatar/Kshitiz_Khatri_-_Charge_SIG_Head.jpeg HTTP/1.1" 304 0
Not Found: /favicon.ico
[28/Jan/2020 17:06:17] "GET /favicon.ico HTTP/1.1" 404 3129
[28/Jan/2020 17:07:48] "POST /events/create/ HTTP/1.1" 200 29567
[28/Jan/2020 17:07:49] "GET /static/css/progressbar.css HTTP/1.1" 200 948
[28/Jan/2020 17:11:42] "GET /events/ HTTP/1.1" 200 7957
[28/Jan/2020 17:11:43] "GET /media/user_195/avatar/media/user_10/avatar/generic_pp.jpg HTTP/1.1" 200 25244
[28/Jan/2020 17:11:43] "GET /media/user_228/avatar/media/user_10/avatar/generic_pp.jpg HTTP/1.1" 200 25244
[28/Jan/2020 17:11:43] "GET /media/WhatsApp%20Image%202020-01-28%20at%2017.24.11.jpeg HTTP/1.1" 200 192984
[28/Jan/2020 17:11:45] "GET /static/css/progressbar.css HTTP/1.1" 200 948
[28/Jan/2020 17:11:50] "GET /events/register/1/ HTTP/1.1" 200 9938
Internal Server Error: /events/register/1/
Traceback (most recent call last):
  File "/home/iste/.local/lib/python3.6/site-packages/django/db/backends/utils.py", line 84, in _execute
    return self.cursor.execute(sql, params)
  File "/home/iste/.local/lib/python3.6/site-packages/django/db/backends/sqlite3/base.py", line 383, in execute
    return Database.Cursor.execute(self, query, params)
sqlite3.OperationalError: no such table: events_spectaclemember

The above exception was the direct cause of the following exception:

Traceback (most recent call last):
  File "/home/iste/.local/lib/python3.6/site-packages/django/core/handlers/exception.py", line 34, in inner
    response = get_response(request)
  File "/home/iste/.local/lib/python3.6/site-packages/django/core/handlers/base.py", line 115, in _get_response
    response = self.process_exception_by_middleware(e, request)
  File "/home/iste/.local/lib/python3.6/site-packages/django/core/handlers/base.py", line 113, in _get_response
    response = wrapped_callback(request, *callback_args, **callback_kwargs)
  File "/home/iste/ISTE-NITK_Website/events/views.py", line 80, in event_register
    obj.save()
  File "/home/iste/.local/lib/python3.6/site-packages/django/db/models/base.py", line 741, in save
    force_update=force_update, update_fields=update_fields)
  File "/home/iste/.local/lib/python3.6/site-packages/django/db/models/base.py", line 779, in save_base
    force_update, using, update_fields,
  File "/home/iste/.local/lib/python3.6/site-packages/django/db/models/base.py", line 870, in _save_table
    result = self._do_insert(cls._base_manager, using, fields, update_pk, raw)
  File "/home/iste/.local/lib/python3.6/site-packages/django/db/models/base.py", line 908, in _do_insert
    using=using, raw=raw)
  File "/home/iste/.local/lib/python3.6/site-packages/django/db/models/manager.py", line 82, in manager_method
    return getattr(self.get_queryset(), name)(*args, **kwargs)
  File "/home/iste/.local/lib/python3.6/site-packages/django/db/models/query.py", line 1186, in _insert
    return query.get_compiler(using=using).execute_sql(return_id)
  File "/home/iste/.local/lib/python3.6/site-packages/django/db/models/sql/compiler.py", line 1335, in execute_sql
    cursor.execute(sql, params)
  File "/home/iste/.local/lib/python3.6/site-packages/django/db/backends/utils.py", line 99, in execute
    return super().execute(sql, params)
  File "/home/iste/.local/lib/python3.6/site-packages/django/db/backends/utils.py", line 67, in execute
    return self._execute_with_wrappers(sql, params, many=False, executor=self._execute)
  File "/home/iste/.local/lib/python3.6/site-packages/django/db/backends/utils.py", line 76, in _execute_with_wrappers
    return executor(sql, params, many, context)
  File "/home/iste/.local/lib/python3.6/site-packages/django/db/backends/utils.py", line 84, in _execute
    return self.cursor.execute(sql, params)
  File "/home/iste/.local/lib/python3.6/site-packages/django/db/utils.py", line 89, in __exit__
    raise dj_exc_value.with_traceback(traceback) from exc_value
  File "/home/iste/.local/lib/python3.6/site-packages/django/db/backends/utils.py", line 84, in _execute
    return self.cursor.execute(sql, params)
  File "/home/iste/.local/lib/python3.6/site-packages/django/db/backends/sqlite3/base.py", line 383, in execute
    return Database.Cursor.execute(self, query, params)
django.db.utils.OperationalError: no such table: events_spectaclemember
[28/Jan/2020 17:12:44] "POST /events/register/1/ HTTP/1.1" 500 151001
Watching for file changes with StatReloader
System check identified some issues:

WARNINGS:
blogs.BlogHits.created: (fields.W161) Fixed default value provided.
	HINT: It seems you set a fixed date / time / datetime value as default for this field. This may not be what you want. If you want to have the current date as default, use `django.utils.timezone.now`
events.EventDetails.event_time: (fields.W161) Fixed default value provided.
	HINT: It seems you set a fixed date / time / datetime value as default for this field. This may not be what you want. If you want to have the current date as default, use `django.utils.timezone.now`
meet.Meet.end_time: (fields.W161) Fixed default value provided.
	HINT: It seems you set a fixed date / time / datetime value as default for this field. This may not be what you want. If you want to have the current date as default, use `django.utils.timezone.now`
meet.Meet.start_time: (fields.W161) Fixed default value provided.
	HINT: It seems you set a fixed date / time / datetime value as default for this field. This may not be what you want. If you want to have the current date as default, use `django.utils.timezone.now`

System check identified 4 issues (0 silenced).
[28/Jan/2020 17:14:58] "GET / HTTP/1.1" 200 24552
[28/Jan/2020 17:14:59] "GET /static/js/progressbar.js HTTP/1.1" 304 0
[28/Jan/2020 17:14:59] "GET /static/js/main.js HTTP/1.1" 304 0
[28/Jan/2020 17:14:59] "GET /static/materialize/css/materialize.css HTTP/1.1" 304 0
[28/Jan/2020 17:14:59] "GET /static/js/jquery.js HTTP/1.1" 304 0
[28/Jan/2020 17:14:59] "GET /static/js/jquery_ui.js HTTP/1.1" 304 0
[28/Jan/2020 17:15:00] "GET /static/materialize/js/materialize.js HTTP/1.1" 304 0
[28/Jan/2020 17:15:00] "GET /static/css/progressbar.css HTTP/1.1" 304 0
[28/Jan/2020 17:15:01] "GET /static/css/main.css HTTP/1.1" 304 0
[28/Jan/2020 17:15:01] "GET /media/sig_1/avatar/Credit.png HTTP/1.1" 200 70217
[28/Jan/2020 17:15:01] "GET /media/sig_5/avatar/chronicle.png HTTP/1.1" 304 0
[28/Jan/2020 17:15:02] "GET /media/sig_6/avatar/Charge.png HTTP/1.1" 304 0
[28/Jan/2020 17:15:02] "GET /media/sig_7/avatar/Crypt.png HTTP/1.1" 304 0
[28/Jan/2020 17:15:02] "GET /media/sig_8/avatar/catalyst_OchtDlI.png HTTP/1.1" 304 0
[28/Jan/2020 17:15:02] "GET /media/user_145/avatar/Siddharth_Kapoor_-_Joint_Convener.jpeg HTTP/1.1" 304 0
[28/Jan/2020 17:15:02] "GET /media/user_111/avatar/Dominic_Davies_-_Convener.jpeg HTTP/1.1" 304 0
[28/Jan/2020 17:15:02] "GET /media/user_115/avatar/Lasya_Reddy_-_Chairperson.jpeg HTTP/1.1" 304 0
[28/Jan/2020 17:15:02] "GET /media/user_113/avatar/DSC_1272_2.JPG HTTP/1.1" 304 0
[28/Jan/2020 17:15:02] "GET /media/user_112/avatar/Gayatri_Indukumar_-_Project_Co-ordinator.jpeg HTTP/1.1" 304 0
[28/Jan/2020 17:15:02] "GET /media/user_143/avatar/Vishal_Sinha_-_Chief_Co-ordinator.jpeg HTTP/1.1" 304 0
[28/Jan/2020 17:15:02] "GET /media/user_122/avatar/Aditi_Bhat_-_Concrete_SIG_Head.jpeg HTTP/1.1" 304 0
[28/Jan/2020 17:15:02] "GET /media/user_126/avatar/Ian_Prateet_Jathanna_-_Catalyst_SIG_Head.jpeg HTTP/1.1" 304 0
[28/Jan/2020 17:15:02] "GET /media/user_108/avatar/Amal_Mohan_-_Chronicle_SIG_Head.jpeg HTTP/1.1" 200 57223
[28/Jan/2020 17:15:02] "GET /media/user_129/avatar/chitnis-Crypt_Head.jpg HTTP/1.1" 304 0
[28/Jan/2020 17:15:02] "GET /media/user_130/avatar/Rithika_Cherukat_-_Chronicle_SIG_Head.jpeg HTTP/1.1" 200 121588
[28/Jan/2020 17:15:02] "GET /media/user_109/avatar/Ashwin_KV_-_Credit_SIG_Head.jpeg HTTP/1.1" 304 0
[28/Jan/2020 17:15:02] "GET /media/user_2/avatar/_DSC0330.JPG HTTP/1.1" 304 0
[28/Jan/2020 17:15:02] "GET /media/user_123/avatar/Aneesh_DIxit_-_Create_SIG_Head.jpeg HTTP/1.1" 304 0
[28/Jan/2020 17:15:03] "GET /media/user_121/avatar/Adithya_Iyer_-_Clutch_SIG_Head.jpeg HTTP/1.1" 304 0
[28/Jan/2020 17:15:03] "GET /media/user_127/avatar/Kevin_Tom_Kurian_-_Clutch_SIG_Head.jpeg HTTP/1.1" 304 0
[28/Jan/2020 17:15:03] "GET /media/user_139/avatar/Sarang_Kalantre_-_Credit_SIG_Head.jpeg HTTP/1.1" 304 0
[28/Jan/2020 17:15:03] "GET /media/user_114/avatar/Keerthana_Kamath_-_Create_SIG_Head.jpeg HTTP/1.1" 304 0
[28/Jan/2020 17:15:03] "GET /media/user_135/avatar/Kshitiz_Khatri_-_Charge_SIG_Head.jpeg HTTP/1.1" 304 0
[28/Jan/2020 17:15:04] "GET /media/sig_3/avatar/concrete.png HTTP/1.1" 200 63695
[28/Jan/2020 17:15:04] "GET /media/sig_2/avatar/Create.png HTTP/1.1" 200 71805
[28/Jan/2020 17:15:09] "GET /media/logo.png HTTP/1.1" 200 72407
[28/Jan/2020 17:15:13] "GET /events/ HTTP/1.1" 200 7957
[28/Jan/2020 17:15:13] "GET /media/WhatsApp%20Image%202020-01-28%20at%2017.24.11.jpeg HTTP/1.1" 200 192984
[28/Jan/2020 17:15:15] "GET /media/sig_4/avatar/Clutch.png HTTP/1.1" 304 0
[28/Jan/2020 17:15:19] "GET /events/register/1/ HTTP/1.1" 200 9938
[28/Jan/2020 17:15:40] "POST /events/register/1/ HTTP/1.1" 200 10925
[28/Jan/2020 17:15:45] "GET /admin/ HTTP/1.1" 200 10810
[28/Jan/2020 17:15:45] "GET /static/admin/css/dashboard.css HTTP/1.1" 200 412
[28/Jan/2020 17:15:46] "GET /static/admin/css/base.css HTTP/1.1" 200 16441
[28/Jan/2020 17:15:47] "GET /static/admin/css/fonts.css HTTP/1.1" 200 423
[28/Jan/2020 17:17:22] "GET /static/admin/css/responsive.css HTTP/1.1" 200 17944
[28/Jan/2020 17:17:22] "GET /static/admin/img/icon-addlink.svg HTTP/1.1" 200 331
[28/Jan/2020 17:17:22] "GET /static/admin/img/icon-viewlink.svg HTTP/1.1" 200 581
[28/Jan/2020 17:17:22] "GET /static/admin/img/icon-deletelink.svg HTTP/1.1" 200 392
[28/Jan/2020 17:17:22] "GET /static/admin/fonts/Roboto-Light-webfont.woff HTTP/1.1" 200 85692
[28/Jan/2020 17:17:22] "GET /static/admin/fonts/Roboto-Bold-webfont.woff HTTP/1.1" 200 86184
[28/Jan/2020 17:17:22] "GET /static/admin/fonts/Roboto-Regular-webfont.woff HTTP/1.1" 200 85876
[28/Jan/2020 17:18:21] "GET /admin/events/eventdetails/ HTTP/1.1" 200 5823
[28/Jan/2020 17:18:22] "GET /static/admin/js/core.js HTTP/1.1" 200 7135
[28/Jan/2020 17:18:22] "GET /static/admin/js/jquery.init.js HTTP/1.1" 200 363
[28/Jan/2020 17:18:22] "GET /static/admin/js/vendor/jquery/jquery.js HTTP/1.1" 200 271751
[28/Jan/2020 17:18:22] "GET /static/admin/js/admin/RelatedObjectLookups.js HTTP/1.1" 200 6918
[28/Jan/2020 17:18:22] "GET /static/admin/css/changelists.css HTTP/1.1" 200 6170
[28/Jan/2020 17:18:22] "GET /admin/jsi18n/ HTTP/1.1" 200 3223
[28/Jan/2020 17:18:22] "GET /static/admin/js/actions.js HTTP/1.1" 200 6538
[28/Jan/2020 17:18:22] "GET /static/admin/js/prepopulate.js HTTP/1.1" 200 1530
[28/Jan/2020 17:18:22] "GET /static/admin/js/urlify.js HTTP/1.1" 200 8972
[28/Jan/2020 17:18:26] "GET /static/admin/js/vendor/xregexp/xregexp.js HTTP/1.1" 200 128820
[28/Jan/2020 17:18:26] "GET /static/admin/img/search.svg HTTP/1.1" 200 458
[28/Jan/2020 17:18:26] "GET /static/admin/img/tooltag-add.svg HTTP/1.1" 200 331
[28/Jan/2020 17:18:30] "GET /admin/ HTTP/1.1" 200 10810
[28/Jan/2020 17:18:30] "GET /static/admin/img/icon-changelink.svg HTTP/1.1" 200 380
[28/Jan/2020 17:18:45] "GET /admin/ HTTP/1.1" 200 10810
----------------------------------------
Exception happened during processing of request from ('10.53.87.168', 55544)
Traceback (most recent call last):
  File "/usr/lib/python3.6/socketserver.py", line 654, in process_request_thread
    self.finish_request(request, client_address)
  File "/usr/lib/python3.6/socketserver.py", line 364, in finish_request
    self.RequestHandlerClass(request, client_address, self)
  File "/usr/lib/python3.6/socketserver.py", line 724, in __init__
    self.handle()
  File "/home/iste/.local/lib/python3.6/site-packages/django/core/servers/basehttp.py", line 171, in handle
    self.handle_one_request()
  File "/home/iste/.local/lib/python3.6/site-packages/django/core/servers/basehttp.py", line 179, in handle_one_request
    self.raw_requestline = self.rfile.readline(65537)
  File "/usr/lib/python3.6/socket.py", line 586, in readinto
    return self._sock.recv_into(b)
ConnectionResetError: [Errno 104] Connection reset by peer
----------------------------------------
/home/iste/ISTE-NITK_Website/events/admin.py changed, reloading.
Performing system checks...

January 28, 2020 - 17:14:57
Django version 2.2.4, using settings 'website.settings'
Starting development server at http://0.0.0.0:80/
Quit the server with CONTROL-C.
No Email Required for registration
Watching for file changes with StatReloader
System check identified some issues:

WARNINGS:
blogs.BlogHits.created: (fields.W161) Fixed default value provided.
	HINT: It seems you set a fixed date / time / datetime value as default for this field. This may not be what you want. If you want to have the current date as default, use `django.utils.timezone.now`
events.EventDetails.event_time: (fields.W161) Fixed default value provided.
	HINT: It seems you set a fixed date / time / datetime value as default for this field. This may not be what you want. If you want to have the current date as default, use `django.utils.timezone.now`
meet.Meet.end_time: (fields.W161) Fixed default value provided.
	HINT: It seems you set a fixed date / time / datetime value as default for this field. This may not be what you want. If you want to have the current date as default, use `django.utils.timezone.now`
meet.Meet.start_time: (fields.W161) Fixed default value provided.
	HINT: It seems you set a fixed date / time / datetime value as default for this field. This may not be what you want. If you want to have the current date as default, use `django.utils.timezone.now`

System check identified 4 issues (0 silenced).
[28/Jan/2020 17:23:43] "GET /projects/projects/23 HTTP/1.0" 200 8195
[28/Jan/2020 17:23:44] "GET /static/materialize/css/materialize.css HTTP/1.0" 200 158261
[28/Jan/2020 17:23:44] "GET /static/css/progressbar.css HTTP/1.0" 200 948
[28/Jan/2020 17:23:44] "GET /static/js/progressbar.js HTTP/1.0" 200 797
[28/Jan/2020 17:23:44] "GET /static/css/main.css HTTP/1.0" 200 2962
[28/Jan/2020 17:23:44] "GET /static/js/jquery.js HTTP/1.0" 200 280364
[28/Jan/2020 17:23:44] "GET /media/logo.png HTTP/1.0" 200 72407
[28/Jan/2020 17:23:44] "GET /static/js/jquery_ui.js HTTP/1.0" 200 520714
[28/Jan/2020 17:23:44] "GET /static/materialize/js/materialize.js HTTP/1.0" 200 370999
[28/Jan/2020 17:23:44] "GET /media/user_2/avatar/_DSC0330.JPG HTTP/1.0" 200 3121631
[28/Jan/2020 17:23:51] "GET /media/user_8/avatar/generic_pp.jpg HTTP/1.0" 200 25244
[28/Jan/2020 17:23:51] "GET /static/js/main.js HTTP/1.0" 200 2178
[28/Jan/2020 17:23:51] "GET /media/user_150/avatar/WhatsApp_Image_2019-10-03_at_10.23.50_AM.jpeg HTTP/1.0" 200 128629
[28/Jan/2020 17:23:51] "GET /media/user_44/avatar/generic_pp.jpg HTTP/1.0" 200 25244
[28/Jan/2020 17:23:51] "GET /media/user_41/avatar/generic_pp.jpg HTTP/1.0" 200 25244
[28/Jan/2020 17:23:51] "GET /media/user_23/avatar/generic_pp.jpg HTTP/1.0" 200 25244
[28/Jan/2020 17:23:51] "GET /media/uploads/2019/07/23/decentralized-video-sharing-platform-mohit-bhasi.png HTTP/1.0" 200 24074320
[28/Jan/2020 17:25:32] "GET /admin/ HTTP/1.1" 200 10810
[28/Jan/2020 17:25:32] "GET /static/admin/css/base.css HTTP/1.1" 304 0
[28/Jan/2020 17:25:32] "GET /static/admin/css/dashboard.css HTTP/1.1" 304 0
[28/Jan/2020 17:25:32] "GET /static/admin/css/responsive.css HTTP/1.1" 304 0
[28/Jan/2020 17:25:37] "GET /static/admin/css/fonts.css HTTP/1.1" 304 0
[28/Jan/2020 17:25:37] "GET /static/admin/img/icon-addlink.svg HTTP/1.1" 304 0
[28/Jan/2020 17:25:37] "GET /static/admin/img/icon-viewlink.svg HTTP/1.1" 304 0
[28/Jan/2020 17:25:38] "GET /static/admin/img/icon-deletelink.svg HTTP/1.1" 304 0
[28/Jan/2020 17:25:39] "GET /static/admin/img/icon-changelink.svg HTTP/1.1" 304 0
[28/Jan/2020 17:26:35] "GET /admin/ HTTP/1.1" 200 10810
[28/Jan/2020 17:26:35] "GET /static/admin/css/dashboard.css HTTP/1.1" 304 0
[28/Jan/2020 17:26:35] "GET /static/admin/css/base.css HTTP/1.1" 304 0
[28/Jan/2020 17:26:35] "GET /static/admin/css/responsive.css HTTP/1.1" 304 0
[28/Jan/2020 17:26:36] "GET /static/admin/css/fonts.css HTTP/1.1" 304 0
[28/Jan/2020 17:26:36] "GET /static/admin/img/icon-changelink.svg HTTP/1.1" 304 0
[28/Jan/2020 17:26:36] "GET /static/admin/img/icon-addlink.svg HTTP/1.1" 304 0
[28/Jan/2020 17:26:36] "GET /static/admin/img/icon-viewlink.svg HTTP/1.1" 304 0
[28/Jan/2020 17:26:36] "GET /static/admin/img/icon-deletelink.svg HTTP/1.1" 304 0
[28/Jan/2020 17:28:06] "GET /admin/ HTTP/1.1" 200 10810
[28/Jan/2020 17:28:06] "GET /static/admin/css/base.css HTTP/1.1" 304 0
[28/Jan/2020 17:28:06] "GET /static/admin/css/responsive.css HTTP/1.1" 304 0
[28/Jan/2020 17:28:06] "GET /static/admin/css/dashboard.css HTTP/1.1" 304 0
[28/Jan/2020 17:28:06] "GET /static/admin/css/fonts.css HTTP/1.1" 304 0
[28/Jan/2020 17:28:07] "GET /static/admin/img/icon-addlink.svg HTTP/1.1" 304 0
[28/Jan/2020 17:28:07] "GET /static/admin/img/icon-viewlink.svg HTTP/1.1" 304 0
[28/Jan/2020 17:28:07] "GET /static/admin/img/icon-deletelink.svg HTTP/1.1" 304 0
[28/Jan/2020 17:28:08] "GET /static/admin/img/icon-changelink.svg HTTP/1.1" 304 0
[28/Jan/2020 17:28:48] "GET /admin/ HTTP/1.1" 200 10810
[28/Jan/2020 17:28:48] "GET /static/admin/css/base.css HTTP/1.1" 304 0
[28/Jan/2020 17:28:48] "GET /static/admin/css/dashboard.css HTTP/1.1" 304 0
[28/Jan/2020 17:28:48] "GET /static/admin/css/responsive.css HTTP/1.1" 304 0
[28/Jan/2020 17:28:50] "GET /static/admin/css/fonts.css HTTP/1.1" 304 0
[28/Jan/2020 17:28:50] "GET /static/admin/img/icon-changelink.svg HTTP/1.1" 304 0
[28/Jan/2020 17:28:50] "GET /static/admin/img/icon-addlink.svg HTTP/1.1" 304 0
[28/Jan/2020 17:28:50] "GET /static/admin/img/icon-deletelink.svg HTTP/1.1" 304 0
[28/Jan/2020 17:29:04] "GET /static/admin/img/icon-viewlink.svg HTTP/1.1" 304 0
Watching for file changes with StatReloader
System check identified some issues:

WARNINGS:
blogs.BlogHits.created: (fields.W161) Fixed default value provided.
	HINT: It seems you set a fixed date / time / datetime value as default for this field. This may not be what you want. If you want to have the current date as default, use `django.utils.timezone.now`
events.EventDetails.event_time: (fields.W161) Fixed default value provided.
	HINT: It seems you set a fixed date / time / datetime value as default for this field. This may not be what you want. If you want to have the current date as default, use `django.utils.timezone.now`
meet.Meet.end_time: (fields.W161) Fixed default value provided.
	HINT: It seems you set a fixed date / time / datetime value as default for this field. This may not be what you want. If you want to have the current date as default, use `django.utils.timezone.now`
meet.Meet.start_time: (fields.W161) Fixed default value provided.
	HINT: It seems you set a fixed date / time / datetime value as default for this field. This may not be what you want. If you want to have the current date as default, use `django.utils.timezone.now`

System check identified 4 issues (0 silenced).
[28/Jan/2020 17:29:34] "GET /admin/ HTTP/1.1" 200 10810
[28/Jan/2020 17:29:34] "GET /static/admin/css/base.css HTTP/1.1" 304 0
[28/Jan/2020 17:29:34] "GET /static/admin/css/dashboard.css HTTP/1.1" 304 0
[28/Jan/2020 17:29:34] "GET /static/admin/css/responsive.css HTTP/1.1" 304 0
[28/Jan/2020 17:29:36] "GET /static/admin/css/fonts.css HTTP/1.1" 304 0
[28/Jan/2020 17:29:36] "GET /static/admin/img/icon-addlink.svg HTTP/1.1" 304 0
[28/Jan/2020 17:29:36] "GET /static/admin/img/icon-viewlink.svg HTTP/1.1" 304 0
[28/Jan/2020 17:29:37] "GET /static/admin/img/icon-changelink.svg HTTP/1.1" 304 0
[28/Jan/2020 17:29:46] "GET /static/admin/img/icon-deletelink.svg HTTP/1.1" 304 0
Watching for file changes with StatReloader
System check identified some issues:

WARNINGS:
blogs.BlogHits.created: (fields.W161) Fixed default value provided.
	HINT: It seems you set a fixed date / time / datetime value as default for this field. This may not be what you want. If you want to have the current date as default, use `django.utils.timezone.now`
events.EventDetails.event_time: (fields.W161) Fixed default value provided.
	HINT: It seems you set a fixed date / time / datetime value as default for this field. This may not be what you want. If you want to have the current date as default, use `django.utils.timezone.now`
meet.Meet.end_time: (fields.W161) Fixed default value provided.
	HINT: It seems you set a fixed date / time / datetime value as default for this field. This may not be what you want. If you want to have the current date as default, use `django.utils.timezone.now`
meet.Meet.start_time: (fields.W161) Fixed default value provided.
	HINT: It seems you set a fixed date / time / datetime value as default for this field. This may not be what you want. If you want to have the current date as default, use `django.utils.timezone.now`

System check identified 4 issues (0 silenced).
[28/Jan/2020 17:29:58] "GET /admin/ HTTP/1.1" 200 10810
[28/Jan/2020 17:29:58] "GET /static/admin/css/base.css HTTP/1.1" 304 0
[28/Jan/2020 17:29:58] "GET /static/admin/css/responsive.css HTTP/1.1" 304 0
[28/Jan/2020 17:29:58] "GET /static/admin/css/dashboard.css HTTP/1.1" 304 0
[28/Jan/2020 17:30:03] "GET /static/admin/css/fonts.css HTTP/1.1" 304 0
[28/Jan/2020 17:30:03] "GET /static/admin/img/icon-changelink.svg HTTP/1.1" 304 0
[28/Jan/2020 17:30:03] "GET /static/admin/img/icon-addlink.svg HTTP/1.1" 304 0
[28/Jan/2020 17:30:03] "GET /static/admin/img/icon-viewlink.svg HTTP/1.1" 304 0
[28/Jan/2020 17:30:07] "GET /static/admin/img/icon-deletelink.svg HTTP/1.1" 304 0
/home/iste/ISTE-NITK_Website/events/admin.py changed, reloading.
Performing system checks...

January 28, 2020 - 17:23:13
Django version 2.2.4, using settings 'website.settings'
Starting development server at http://0.0.0.0:80/
Quit the server with CONTROL-C.
Watching for file changes with StatReloader
System check identified some issues:

WARNINGS:
blogs.BlogHits.created: (fields.W161) Fixed default value provided.
	HINT: It seems you set a fixed date / time / datetime value as default for this field. This may not be what you want. If you want to have the current date as default, use `django.utils.timezone.now`
events.EventDetails.event_time: (fields.W161) Fixed default value provided.
	HINT: It seems you set a fixed date / time / datetime value as default for this field. This may not be what you want. If you want to have the current date as default, use `django.utils.timezone.now`
meet.Meet.end_time: (fields.W161) Fixed default value provided.
	HINT: It seems you set a fixed date / time / datetime value as default for this field. This may not be what you want. If you want to have the current date as default, use `django.utils.timezone.now`
meet.Meet.start_time: (fields.W161) Fixed default value provided.
	HINT: It seems you set a fixed date / time / datetime value as default for this field. This may not be what you want. If you want to have the current date as default, use `django.utils.timezone.now`

System check identified 4 issues (0 silenced).
[28/Jan/2020 17:37:23] "GET / HTTP/1.1" 200 24440
[28/Jan/2020 17:37:23] "GET /admin/ HTTP/1.1" 200 10810
[28/Jan/2020 17:37:23] "GET /static/materialize/css/materialize.css HTTP/1.1" 200 158261
[28/Jan/2020 17:37:23] "GET /static/js/jquery_ui.js HTTP/1.1" 200 520714
[28/Jan/2020 17:37:23] "GET /static/materialize/js/materialize.js HTTP/1.1" 200 370999
[28/Jan/2020 17:37:24] "GET /static/js/main.js HTTP/1.1" 200 2178
[28/Jan/2020 17:37:24] "GET /static/js/progressbar.js HTTP/1.1" 200 797
[28/Jan/2020 17:37:24] "GET /static/css/progressbar.css HTTP/1.1" 200 948
[28/Jan/2020 17:37:24] "GET /static/js/jquery.js HTTP/1.1" 200 280364
[28/Jan/2020 17:37:24] "GET /static/admin/css/base.css HTTP/1.1" 304 0
[28/Jan/2020 17:37:24] "GET /static/admin/css/fonts.css HTTP/1.1" 304 0
[28/Jan/2020 17:37:26] "GET /static/admin/css/dashboard.css HTTP/1.1" 304 0
[28/Jan/2020 17:37:26] "GET /static/admin/css/responsive.css HTTP/1.1" 304 0
[28/Jan/2020 17:37:26] "GET /static/admin/img/icon-changelink.svg HTTP/1.1" 304 0
[28/Jan/2020 17:37:26] "GET /static/admin/img/icon-addlink.svg HTTP/1.1" 304 0
[28/Jan/2020 17:37:26] "GET /static/admin/img/icon-viewlink.svg HTTP/1.1" 304 0
[28/Jan/2020 17:37:26] "GET /static/admin/img/icon-deletelink.svg HTTP/1.1" 304 0
[28/Jan/2020 17:37:28] "GET /static/css/main.css HTTP/1.1" 200 2962
[28/Jan/2020 17:37:28] "GET /media/sig_1/avatar/Credit.png HTTP/1.1" 200 70217
[28/Jan/2020 17:37:28] "GET /media/logo.png HTTP/1.1" 200 72407
[28/Jan/2020 17:37:28] "GET /media/sig_2/avatar/Create.png HTTP/1.1" 200 71805
[28/Jan/2020 17:37:28] "GET /media/sig_3/avatar/concrete.png HTTP/1.1" 200 63695
[28/Jan/2020 17:37:28] "GET /media/sig_5/avatar/chronicle.png HTTP/1.1" 200 55845
[28/Jan/2020 17:37:28] "GET /media/sig_4/avatar/Clutch.png HTTP/1.1" 200 70728
[28/Jan/2020 17:37:28] "GET /media/sig_6/avatar/Charge.png HTTP/1.1" 200 68163
[28/Jan/2020 17:37:28] "GET /media/sig_7/avatar/Crypt.png HTTP/1.1" 200 70140
[28/Jan/2020 17:37:28] "GET /media/user_143/avatar/Vishal_Sinha_-_Chief_Co-ordinator.jpeg HTTP/1.1" 200 16671
[28/Jan/2020 17:37:28] "GET /media/user_111/avatar/Dominic_Davies_-_Convener.jpeg HTTP/1.1" 200 26352
[28/Jan/2020 17:37:28] "GET /media/user_122/avatar/Aditi_Bhat_-_Concrete_SIG_Head.jpeg HTTP/1.1" 200 70799
[28/Jan/2020 17:37:28] "GET /media/user_112/avatar/Gayatri_Indukumar_-_Project_Co-ordinator.jpeg HTTP/1.1" 200 103201
[28/Jan/2020 17:37:28] "GET /media/sig_8/avatar/catalyst_OchtDlI.png HTTP/1.1" 200 242124
[28/Jan/2020 17:37:28] "GET /media/user_126/avatar/Ian_Prateet_Jathanna_-_Catalyst_SIG_Head.jpeg HTTP/1.1" 200 45881
[28/Jan/2020 17:37:28] "GET /media/user_129/avatar/chitnis-Crypt_Head.jpg HTTP/1.1" 200 21174
[28/Jan/2020 17:37:29] "GET /media/user_108/avatar/Amal_Mohan_-_Chronicle_SIG_Head.jpeg HTTP/1.1" 200 57223
[28/Jan/2020 17:37:29] "GET /media/user_2/avatar/_DSC0330.JPG HTTP/1.1" 200 3121631
[28/Jan/2020 17:37:29] "GET /media/user_109/avatar/Ashwin_KV_-_Credit_SIG_Head.jpeg HTTP/1.1" 200 66930
[28/Jan/2020 17:37:29] "GET /media/user_145/avatar/Siddharth_Kapoor_-_Joint_Convener.jpeg HTTP/1.1" 200 186175
[28/Jan/2020 17:37:29] "GET /media/user_130/avatar/Rithika_Cherukat_-_Chronicle_SIG_Head.jpeg HTTP/1.1" 200 121588
[28/Jan/2020 17:37:29] "GET /media/user_123/avatar/Aneesh_DIxit_-_Create_SIG_Head.jpeg HTTP/1.1" 200 40034
[28/Jan/2020 17:37:30] "GET /media/user_127/avatar/Kevin_Tom_Kurian_-_Clutch_SIG_Head.jpeg HTTP/1.1" 200 22341
[28/Jan/2020 17:37:30] "GET /media/user_139/avatar/Sarang_Kalantre_-_Credit_SIG_Head.jpeg HTTP/1.1" 200 37168
[28/Jan/2020 17:37:30] "GET /media/user_135/avatar/Kshitiz_Khatri_-_Charge_SIG_Head.jpeg HTTP/1.1" 200 38449
[28/Jan/2020 17:37:30] "GET /media/user_121/avatar/Adithya_Iyer_-_Clutch_SIG_Head.jpeg HTTP/1.1" 200 44856
[28/Jan/2020 17:37:30] "GET /media/user_113/avatar/DSC_1272_2.JPG HTTP/1.1" 200 157055
Not Found: /favicon.ico
[28/Jan/2020 17:37:30] "GET /favicon.ico HTTP/1.1" 404 3129
[28/Jan/2020 17:37:33] "GET /media/user_115/avatar/Lasya_Reddy_-_Chairperson.jpeg HTTP/1.1" 200 70926
[28/Jan/2020 17:37:33] "GET /media/user_114/avatar/Keerthana_Kamath_-_Create_SIG_Head.jpeg HTTP/1.1" 200 26955
[28/Jan/2020 17:39:19] "GET /account/login/ HTTP/1.1" 200 6566
[28/Jan/2020 17:39:28] "POST /account/login/ HTTP/1.1" 302 0
[28/Jan/2020 17:39:28] "GET / HTTP/1.1" 200 24552
[28/Jan/2020 17:39:31] "GET /events/ HTTP/1.1" 200 7957
[28/Jan/2020 17:39:32] "GET /media/WhatsApp%20Image%202020-01-28%20at%2017.24.11.jpeg HTTP/1.1" 200 192984
[28/Jan/2020 17:39:32] "GET /media/user_228/avatar/media/user_10/avatar/generic_pp.jpg HTTP/1.1" 200 25244
[28/Jan/2020 17:39:33] "GET /media/user_195/avatar/media/user_10/avatar/generic_pp.jpg HTTP/1.1" 200 25244
[28/Jan/2020 17:39:37] "GET /events/register/1/ HTTP/1.1" 200 9891
[28/Jan/2020 17:39:45] "GET /admin/ HTTP/1.1" 200 10810
[28/Jan/2020 17:39:45] "GET /static/admin/css/base.css HTTP/1.1" 200 16441
[28/Jan/2020 17:39:45] "GET /static/admin/css/dashboard.css HTTP/1.1" 200 412
[28/Jan/2020 17:39:45] "GET /static/admin/css/responsive.css HTTP/1.1" 200 17944
[28/Jan/2020 17:39:45] "GET /static/admin/css/fonts.css HTTP/1.1" 200 423
[28/Jan/2020 17:39:45] "GET /static/admin/img/icon-changelink.svg HTTP/1.1" 200 380
[28/Jan/2020 17:39:45] "GET /static/admin/img/icon-addlink.svg HTTP/1.1" 200 331
[28/Jan/2020 17:39:45] "GET /static/admin/fonts/Roboto-Regular-webfont.woff HTTP/1.1" 200 85876
[28/Jan/2020 17:39:45] "GET /static/admin/fonts/Roboto-Bold-webfont.woff HTTP/1.1" 200 86184
[28/Jan/2020 17:39:45] "GET /static/admin/img/icon-deletelink.svg HTTP/1.1" 200 392
[28/Jan/2020 17:39:45] "GET /static/admin/fonts/Roboto-Light-webfont.woff HTTP/1.1" 200 85692
[28/Jan/2020 17:39:45] "GET /static/admin/img/icon-viewlink.svg HTTP/1.1" 200 581
[28/Jan/2020 17:40:16] "GET /admin/events/eventdetails/ HTTP/1.1" 200 5823
[28/Jan/2020 17:40:16] "GET /static/admin/js/jquery.init.js HTTP/1.1" 200 363
[28/Jan/2020 17:40:16] "GET /static/admin/js/core.js HTTP/1.1" 200 7135
[28/Jan/2020 17:40:16] "GET /static/admin/js/admin/RelatedObjectLookups.js HTTP/1.1" 200 6918
[28/Jan/2020 17:40:16] "GET /admin/jsi18n/ HTTP/1.1" 200 3223
[28/Jan/2020 17:40:16] "GET /static/admin/js/vendor/jquery/jquery.js HTTP/1.1" 200 271751
[28/Jan/2020 17:40:16] "GET /static/admin/js/actions.js HTTP/1.1" 200 6538
[28/Jan/2020 17:40:16] "GET /static/admin/js/urlify.js HTTP/1.1" 200 8972
[28/Jan/2020 17:40:16] "GET /static/admin/js/prepopulate.js HTTP/1.1" 200 1530
[28/Jan/2020 17:40:16] "GET /static/admin/css/changelists.css HTTP/1.1" 200 6170
[28/Jan/2020 17:40:17] "GET /static/admin/js/vendor/xregexp/xregexp.js HTTP/1.1" 200 128820
[28/Jan/2020 17:40:18] "GET /static/admin/img/search.svg HTTP/1.1" 200 458
[28/Jan/2020 17:40:18] "GET /static/admin/img/tooltag-add.svg HTTP/1.1" 200 331
[28/Jan/2020 17:40:20] "GET /admin/events/eventdetails/1/change/ HTTP/1.1" 200 26511
[28/Jan/2020 17:40:20] "GET /admin/jsi18n/ HTTP/1.1" 200 3223
[28/Jan/2020 17:40:20] "GET /static/ckeditor/ckeditor-init.js HTTP/1.1" 200 2039
[28/Jan/2020 17:40:20] "GET /static/admin/js/calendar.js HTTP/1.1" 200 7777
[28/Jan/2020 17:40:20] "GET /static/ckeditor/ckeditor/ckeditor.js HTTP/1.1" 200 690627
[28/Jan/2020 17:40:20] "GET /static/admin/css/forms.css HTTP/1.1" 200 8518
[28/Jan/2020 17:40:21] "GET /static/admin/js/admin/DateTimeShortcuts.js HTTP/1.1" 200 20274
[28/Jan/2020 17:40:21] "GET /static/admin/js/change_form.js HTTP/1.1" 200 712
[28/Jan/2020 17:40:22] "GET /static/admin/js/prepopulate_init.js HTTP/1.1" 200 495
[28/Jan/2020 17:40:23] "GET /static/admin/css/widgets.css HTTP/1.1" 200 10340
[28/Jan/2020 17:40:23] "GET /static/admin/img/icon-clock.svg HTTP/1.1" 200 677
[28/Jan/2020 17:40:23] "GET /static/ckeditor/ckeditor/config.js?t=I3I8 HTTP/1.1" 200 338
[28/Jan/2020 17:40:23] "GET /static/ckeditor/ckeditor/lang/en.js?t=I3I8 HTTP/1.1" 200 19035
[28/Jan/2020 17:40:23] "GET /static/ckeditor/ckeditor/skins/moono-lisa/editor_gecko.css?t=I3I8 HTTP/1.1" 200 46998
[28/Jan/2020 17:40:24] "GET /static/admin/img/icon-calendar.svg HTTP/1.1" 200 1086
[28/Jan/2020 17:40:24] "GET /static/ckeditor/ckeditor/plugins/wsc/skins/moono-lisa/wsc.css HTTP/1.1" 200 1263
[28/Jan/2020 17:40:24] "GET /static/ckeditor/ckeditor/plugins/scayt/skins/moono-lisa/scayt.css HTTP/1.1" 200 356
[28/Jan/2020 17:40:24] "GET /static/ckeditor/ckeditor/plugins/scayt/dialogs/dialog.css HTTP/1.1" 200 396
[28/Jan/2020 17:40:24] "GET /static/ckeditor/ckeditor/plugins/copyformatting/styles/copyformatting.css HTTP/1.1" 200 1468
[28/Jan/2020 17:40:24] "GET /static/ckeditor/ckeditor/plugins/tableselection/styles/tableselection.css HTTP/1.1" 200 1050
[28/Jan/2020 17:40:25] "GET /static/ckeditor/ckeditor/skins/moono-lisa/icons.png?t=95e5d83 HTTP/1.1" 200 12421
[28/Jan/2020 17:40:26] "GET /static/ckeditor/ckeditor/contents.css?t=I3I8 HTTP/1.1" 200 2747
[28/Jan/2020 17:41:16] "POST /admin/events/eventdetails/1/change/ HTTP/1.1" 302 0
[28/Jan/2020 17:41:48] "GET /admin/events/eventdetails/ HTTP/1.1" 200 6021
[28/Jan/2020 17:42:19] "GET /admin/jsi18n/ HTTP/1.1" 200 3223
[28/Jan/2020 17:42:19] "GET /static/admin/img/icon-yes.svg HTTP/1.1" 200 436
[28/Jan/2020 17:42:32] "GET /admin/events/ HTTP/1.1" 200 3383
[28/Jan/2020 17:42:34] "GET /admin/events/threemember/ HTTP/1.1" 200 4682
[28/Jan/2020 17:42:34] "GET /admin/jsi18n/ HTTP/1.1" 200 3223
Forbidden (Permission denied): /admin/events/spectaclemember/
Traceback (most recent call last):
  File "/home/iste/.local/lib/python3.6/site-packages/django/core/handlers/exception.py", line 34, in inner
    response = get_response(request)
  File "/home/iste/.local/lib/python3.6/site-packages/django/core/handlers/base.py", line 115, in _get_response
    response = self.process_exception_by_middleware(e, request)
  File "/home/iste/.local/lib/python3.6/site-packages/django/core/handlers/base.py", line 113, in _get_response
    response = wrapped_callback(request, *callback_args, **callback_kwargs)
  File "/home/iste/.local/lib/python3.6/site-packages/django/contrib/admin/options.py", line 606, in wrapper
    return self.admin_site.admin_view(view)(*args, **kwargs)
  File "/home/iste/.local/lib/python3.6/site-packages/django/utils/decorators.py", line 142, in _wrapped_view
    response = view_func(request, *args, **kwargs)
  File "/home/iste/.local/lib/python3.6/site-packages/django/views/decorators/cache.py", line 44, in _wrapped_view_func
    response = view_func(request, *args, **kwargs)
  File "/home/iste/.local/lib/python3.6/site-packages/django/contrib/admin/sites.py", line 223, in inner
    return view(request, *args, **kwargs)
  File "/home/iste/.local/lib/python3.6/site-packages/django/utils/decorators.py", line 45, in _wrapper
    return bound_method(*args, **kwargs)
  File "/home/iste/.local/lib/python3.6/site-packages/django/utils/decorators.py", line 142, in _wrapped_view
    response = view_func(request, *args, **kwargs)
  File "/home/iste/.local/lib/python3.6/site-packages/django/contrib/admin/options.py", line 1669, in changelist_view
    raise PermissionDenied
django.core.exceptions.PermissionDenied
[28/Jan/2020 17:42:46] "GET /admin/events/spectaclemember/ HTTP/1.1" 403 22
/home/iste/ISTE-NITK_Website/events/admin.py changed, reloading.
Performing system checks...

January 28, 2020 - 17:36:12
Django version 2.2.4, using settings 'website.settings'
Starting development server at http://0.0.0.0:80/
Quit the server with CONTROL-C.
Watching for file changes with StatReloader
Exception in thread django-main-thread:
Traceback (most recent call last):
  File "/usr/lib/python3.6/threading.py", line 916, in _bootstrap_inner
    self.run()
  File "/usr/lib/python3.6/threading.py", line 864, in run
    self._target(*self._args, **self._kwargs)
  File "/home/iste/.local/lib/python3.6/site-packages/django/utils/autoreload.py", line 54, in wrapper
    fn(*args, **kwargs)
  File "/home/iste/.local/lib/python3.6/site-packages/django/core/management/commands/runserver.py", line 109, in inner_run
    autoreload.raise_last_exception()
  File "/home/iste/.local/lib/python3.6/site-packages/django/utils/autoreload.py", line 77, in raise_last_exception
    raise _exception[1]
  File "/home/iste/.local/lib/python3.6/site-packages/django/core/management/__init__.py", line 337, in execute
    autoreload.check_errors(django.setup)()
  File "/home/iste/.local/lib/python3.6/site-packages/django/utils/autoreload.py", line 54, in wrapper
    fn(*args, **kwargs)
  File "/home/iste/.local/lib/python3.6/site-packages/django/__init__.py", line 24, in setup
    apps.populate(settings.INSTALLED_APPS)
  File "/home/iste/.local/lib/python3.6/site-packages/django/apps/registry.py", line 122, in populate
    app_config.ready()
  File "/home/iste/.local/lib/python3.6/site-packages/django/contrib/admin/apps.py", line 24, in ready
    self.module.autodiscover()
  File "/home/iste/.local/lib/python3.6/site-packages/django/contrib/admin/__init__.py", line 26, in autodiscover
    autodiscover_modules('admin', register_to=site)
  File "/home/iste/.local/lib/python3.6/site-packages/django/utils/module_loading.py", line 47, in autodiscover_modules
    import_module('%s.%s' % (app_config.name, module_to_search))
  File "/usr/lib/python3.6/importlib/__init__.py", line 126, in import_module
    return _bootstrap._gcd_import(name[level:], package, level)
  File "<frozen importlib._bootstrap>", line 994, in _gcd_import
  File "<frozen importlib._bootstrap>", line 971, in _find_and_load
  File "<frozen importlib._bootstrap>", line 955, in _find_and_load_unlocked
  File "<frozen importlib._bootstrap>", line 665, in _load_unlocked
  File "<frozen importlib._bootstrap_external>", line 678, in exec_module
  File "<frozen importlib._bootstrap>", line 219, in _call_with_frames_removed
  File "/home/iste/ISTE-NITK_Website/events/admin.py", line 34, in <module>
    admin.site.register(SpectacleMember)
  File "/home/iste/.local/lib/python3.6/site-packages/django/contrib/admin/sites.py", line 102, in register
    for model in model_or_iterable:
TypeError: 'MediaDefiningClass' object is not iterable

/home/iste/ISTE-NITK_Website/events/models.py changed, reloading.
Watching for file changes with StatReloader
System check identified some issues:

WARNINGS:
blogs.BlogHits.created: (fields.W161) Fixed default value provided.
	HINT: It seems you set a fixed date / time / datetime value as default for this field. This may not be what you want. If you want to have the current date as default, use `django.utils.timezone.now`
events.EventDetails.event_time: (fields.W161) Fixed default value provided.
	HINT: It seems you set a fixed date / time / datetime value as default for this field. This may not be what you want. If you want to have the current date as default, use `django.utils.timezone.now`
meet.Meet.end_time: (fields.W161) Fixed default value provided.
	HINT: It seems you set a fixed date / time / datetime value as default for this field. This may not be what you want. If you want to have the current date as default, use `django.utils.timezone.now`
meet.Meet.start_time: (fields.W161) Fixed default value provided.
	HINT: It seems you set a fixed date / time / datetime value as default for this field. This may not be what you want. If you want to have the current date as default, use `django.utils.timezone.now`

System check identified 4 issues (0 silenced).
/home/iste/ISTE-NITK_Website/events/views.py changed, reloading.
Performing system checks...

January 28, 2020 - 18:39:21
Django version 2.2.4, using settings 'website.settings'
Starting development server at http://0.0.0.0:80/
Quit the server with CONTROL-C.
Watching for file changes with StatReloader
System check identified some issues:

WARNINGS:
blogs.BlogHits.created: (fields.W161) Fixed default value provided.
	HINT: It seems you set a fixed date / time / datetime value as default for this field. This may not be what you want. If you want to have the current date as default, use `django.utils.timezone.now`
events.EventDetails.event_time: (fields.W161) Fixed default value provided.
	HINT: It seems you set a fixed date / time / datetime value as default for this field. This may not be what you want. If you want to have the current date as default, use `django.utils.timezone.now`
meet.Meet.end_time: (fields.W161) Fixed default value provided.
	HINT: It seems you set a fixed date / time / datetime value as default for this field. This may not be what you want. If you want to have the current date as default, use `django.utils.timezone.now`
meet.Meet.start_time: (fields.W161) Fixed default value provided.
	HINT: It seems you set a fixed date / time / datetime value as default for this field. This may not be what you want. If you want to have the current date as default, use `django.utils.timezone.now`

System check identified 4 issues (0 silenced).
[28/Jan/2020 18:43:01] "GET /admin/events/eventdetails/ HTTP/1.1" 200 5823
[28/Jan/2020 18:43:01] "GET /admin/jsi18n/ HTTP/1.1" 200 3223
[28/Jan/2020 18:43:02] "GET /static/admin/img/tooltag-add.svg HTTP/1.1" 200 331
[28/Jan/2020 18:43:03] "GET /admin/events/eventdetails/1/change/ HTTP/1.1" 200 26530
[28/Jan/2020 18:43:03] "GET /static/admin/css/forms.css HTTP/1.1" 200 8518
[28/Jan/2020 18:43:03] "GET /admin/jsi18n/ HTTP/1.1" 200 3223
[28/Jan/2020 18:43:03] "GET /static/admin/js/calendar.js HTTP/1.1" 200 7777
[28/Jan/2020 18:43:03] "GET /static/ckeditor/ckeditor-init.js HTTP/1.1" 200 2039
[28/Jan/2020 18:43:03] "GET /static/admin/css/widgets.css HTTP/1.1" 200 10340
[28/Jan/2020 18:43:03] "GET /static/admin/js/admin/DateTimeShortcuts.js HTTP/1.1" 200 20274
[28/Jan/2020 18:43:04] "GET /static/admin/js/change_form.js HTTP/1.1" 200 712
[28/Jan/2020 18:43:04] "GET /static/admin/js/prepopulate_init.js HTTP/1.1" 200 495
[28/Jan/2020 18:43:04] "GET /static/ckeditor/ckeditor/ckeditor.js HTTP/1.1" 200 690627
[28/Jan/2020 18:43:04] "GET /static/admin/img/icon-clock.svg HTTP/1.1" 200 677
[28/Jan/2020 18:43:05] "GET /static/ckeditor/ckeditor/config.js?t=I3I8 HTTP/1.1" 200 338
[28/Jan/2020 18:43:05] "GET /static/admin/img/icon-calendar.svg HTTP/1.1" 200 1086
[28/Jan/2020 18:43:05] "GET /static/ckeditor/ckeditor/lang/en.js?t=I3I8 HTTP/1.1" 200 19035
[28/Jan/2020 18:43:05] "GET /static/ckeditor/ckeditor/plugins/tableselection/styles/tableselection.css HTTP/1.1" 200 1050
[28/Jan/2020 18:43:05] "GET /static/ckeditor/ckeditor/plugins/scayt/skins/moono-lisa/scayt.css HTTP/1.1" 200 356
[28/Jan/2020 18:43:05] "GET /static/ckeditor/ckeditor/plugins/wsc/skins/moono-lisa/wsc.css HTTP/1.1" 200 1263
[28/Jan/2020 18:43:05] "GET /static/ckeditor/ckeditor/plugins/copyformatting/styles/copyformatting.css HTTP/1.1" 200 1468
[28/Jan/2020 18:43:05] "GET /static/ckeditor/ckeditor/contents.css?t=I3I8 HTTP/1.1" 200 2747
[28/Jan/2020 18:43:05] "GET /static/ckeditor/ckeditor/plugins/copyformatting/styles/copyformatting.css HTTP/1.1" 200 1468
[28/Jan/2020 18:43:06] "GET /static/ckeditor/ckeditor/skins/moono-lisa/editor_gecko.css?t=I3I8 HTTP/1.1" 200 46998
[28/Jan/2020 18:43:06] "GET /static/ckeditor/ckeditor/plugins/scayt/dialogs/dialog.css HTTP/1.1" 200 396
[28/Jan/2020 18:43:06] "GET /static/ckeditor/ckeditor/skins/moono-lisa/icons.png?t=95e5d83 HTTP/1.1" 200 12421
[28/Jan/2020 18:43:06] "GET /static/ckeditor/ckeditor/plugins/icons.png?t=I3I8 HTTP/1.1" 200 12421
[28/Jan/2020 18:43:10] "POST /admin/events/eventdetails/1/change/ HTTP/1.1" 302 0
[28/Jan/2020 18:43:10] "GET /admin/events/eventdetails/ HTTP/1.1" 200 6021
[28/Jan/2020 18:43:11] "GET /admin/jsi18n/ HTTP/1.1" 200 3223
[28/Jan/2020 18:43:11] "GET /static/admin/img/icon-yes.svg HTTP/1.1" 200 436
[28/Jan/2020 18:43:13] "GET /admin/events/eventdetails/1/change/ HTTP/1.1" 200 26530
[28/Jan/2020 18:43:13] "GET /admin/jsi18n/ HTTP/1.1" 200 3223
[28/Jan/2020 18:43:13] "GET /static/admin/css/widgets.css HTTP/1.1" 200 10340
[28/Jan/2020 18:43:14] "GET /static/ckeditor/ckeditor/skins/moono-lisa/editor_gecko.css?t=I3I8 HTTP/1.1" 200 46998
[28/Jan/2020 18:43:19] "GET /events/register/1/ HTTP/1.1" 200 9827
[28/Jan/2020 18:43:19] "GET /static/js/progressbar.js HTTP/1.1" 200 797
[28/Jan/2020 18:43:19] "GET /static/css/main.css HTTP/1.1" 200 2962
[28/Jan/2020 18:43:19] "GET /static/css/progressbar.css HTTP/1.1" 200 948
[28/Jan/2020 18:45:01] "GET /events/register/1/ HTTP/1.1" 200 9827
[28/Jan/2020 18:45:01] "GET /static/materialize/css/materialize.css HTTP/1.1" 304 0
[28/Jan/2020 18:45:01] "GET /static/js/jquery.js HTTP/1.1" 304 0
[28/Jan/2020 18:45:01] "GET /static/materialize/js/materialize.js HTTP/1.1" 304 0
[28/Jan/2020 18:45:01] "GET /static/css/progressbar.css HTTP/1.1" 304 0
[28/Jan/2020 18:45:01] "GET /static/css/main.css HTTP/1.1" 304 0
[28/Jan/2020 18:45:01] "GET /static/js/main.js HTTP/1.1" 304 0
[28/Jan/2020 18:45:01] "GET /static/js/progressbar.js HTTP/1.1" 304 0
[28/Jan/2020 18:45:01] "GET /static/js/jquery_ui.js HTTP/1.1" 304 0
[28/Jan/2020 18:45:01] "GET /media/logo.png HTTP/1.1" 304 0
[28/Jan/2020 18:45:06] "GET /events/register/1/ HTTP/1.1" 200 9715
[28/Jan/2020 18:45:06] "GET /static/materialize/css/materialize.css.map HTTP/1.1" 200 36524
[28/Jan/2020 18:45:15] "GET /events/register/1/ HTTP/1.1" 200 9827
[28/Jan/2020 18:45:15] "GET /static/materialize/css/materialize.css HTTP/1.1" 304 0
[28/Jan/2020 18:45:15] "GET /static/js/jquery.js HTTP/1.1" 304 0
[28/Jan/2020 18:45:15] "GET /static/js/jquery_ui.js HTTP/1.1" 304 0
[28/Jan/2020 18:45:15] "GET /static/materialize/js/materialize.js HTTP/1.1" 304 0
[28/Jan/2020 18:45:15] "GET /static/css/progressbar.css HTTP/1.1" 304 0
[28/Jan/2020 18:45:15] "GET /static/js/progressbar.js HTTP/1.1" 304 0
[28/Jan/2020 18:45:15] "GET /static/css/main.css HTTP/1.1" 304 0
[28/Jan/2020 18:45:15] "GET /static/js/main.js HTTP/1.1" 304 0
[28/Jan/2020 18:45:15] "GET /media/logo.png HTTP/1.1" 304 0
[28/Jan/2020 18:45:15] "GET /static/materialize/css/materialize.css.map HTTP/1.1" 304 0
From https://github.com/m0bi5/ISTE-NITK_Website
   109883f..8dfef99  master     -> origin/master
Updating 109883f..8dfef99
Fast-forward
 obscura/views.py | 2 +-
 1 file changed, 1 insertion(+), 1 deletion(-)
Killed
Must be connected to a terminal.
