*** Starting uWSGI 2.0.15-debian (64bit) on [Fri Aug  2 10:20:11 2019] ***
compiled with version: 7.3.0 on 28 September 2018 15:41:15
os: Linux-4.15.0-51-generic #55-Ubuntu SMP Wed May 15 14:27:21 UTC 2019
nodename: iste
machine: x86_64
clock source: unix
pcre jit disabled
detected number of CPU cores: 32
current working directory: /home/iste/ISTE-NITK_Website
detected binary path: /usr/bin/uwsgi-core
dropping root privileges as early as possible
your memory page size is 4096 bytes
detected max file descriptor number: 1024
lock engine: pthread robust mutexes
thunder lock: disabled (you can enable it with --thunder-lock)
uwsgi socket 0 bound to TCP address :8000 fd 3
uwsgi socket 1 bound to UNIX address conf/website.sock fd 4
dropping root privileges after socket binding
Python version: 3.6.8 (default, Jan 14 2019, 11:02:34)  [GCC 8.0.1 20180414 (experimental) [trunk revision 259383]]
*** Python threads support is disabled. You can enable it with --enable-threads ***
Python main interpreter initialized at 0x563e68251dc0
dropping root privileges after plugin initialization
your server socket listen backlog is limited to 100 connections
your mercy for graceful operations on workers is 60 seconds
mapped 436608 bytes (426 KB) for 5 cores
*** Operational MODE: preforking ***
WSGI app 0 (mountpoint='') ready in 0 seconds on interpreter 0x563e68251dc0 pid: 7452 (default app)
dropping root privileges after application loading
*** uWSGI is running in multiple interpreter mode ***
spawned uWSGI master process (pid: 7452)
spawned uWSGI worker 1 (pid: 7454, cores: 1)
spawned uWSGI worker 2 (pid: 7455, cores: 1)
spawned uWSGI worker 3 (pid: 7456, cores: 1)
spawned uWSGI worker 4 (pid: 7457, cores: 1)
spawned uWSGI worker 5 (pid: 7458, cores: 1)
SIGINT/SIGQUIT received...killing workers...
worker 1 buried after 1 seconds
worker 2 buried after 1 seconds
worker 3 buried after 1 seconds
worker 4 buried after 1 seconds
worker 5 buried after 1 seconds
goodbye to uWSGI.
*** Starting uWSGI 2.0.15-debian (64bit) on [Fri Aug  2 10:21:59 2019] ***
compiled with version: 7.3.0 on 28 September 2018 15:41:15
os: Linux-4.15.0-51-generic #55-Ubuntu SMP Wed May 15 14:27:21 UTC 2019
nodename: iste
machine: x86_64
clock source: unix
pcre jit disabled
detected number of CPU cores: 32
current working directory: /home/iste/ISTE-NITK_Website
detected binary path: /usr/bin/uwsgi-core
dropping root privileges as early as possible
your memory page size is 4096 bytes
detected max file descriptor number: 1024
lock engine: pthread robust mutexes
thunder lock: disabled (you can enable it with --thunder-lock)
uwsgi socket 0 bound to TCP address :8000 fd 3
uwsgi socket 1 bound to UNIX address conf/website.sock fd 4
dropping root privileges after socket binding
Python version: 3.6.8 (default, Jan 14 2019, 11:02:34)  [GCC 8.0.1 20180414 (experimental) [trunk revision 259383]]
*** Python threads support is disabled. You can enable it with --enable-threads ***
Python main interpreter initialized at 0x56243b70ddc0
dropping root privileges after plugin initialization
your server socket listen backlog is limited to 100 connections
your mercy for graceful operations on workers is 60 seconds
mapped 436608 bytes (426 KB) for 5 cores
*** Operational MODE: preforking ***
WSGI app 0 (mountpoint='') ready in 1 seconds on interpreter 0x56243b70ddc0 pid: 7460 (default app)
dropping root privileges after application loading
*** uWSGI is running in multiple interpreter mode ***
spawned uWSGI master process (pid: 7460)
spawned uWSGI worker 1 (pid: 7462, cores: 1)
spawned uWSGI worker 2 (pid: 7463, cores: 1)
spawned uWSGI worker 3 (pid: 7464, cores: 1)
spawned uWSGI worker 4 (pid: 7465, cores: 1)
spawned uWSGI worker 5 (pid: 7466, cores: 1)
SIGINT/SIGQUIT received...killing workers...
worker 1 buried after 1 seconds
worker 2 buried after 1 seconds
worker 3 buried after 1 seconds
worker 4 buried after 1 seconds
worker 5 buried after 1 seconds
goodbye to uWSGI.
